2023-05-25 09:35:50[ INFO ]>>queryUserList用户列表查询测试成功
2023-05-25 09:37:14[ INFO ]>>insert用户插入测试成功
2023-05-25 09:38:05[ INFO ]>>qselectUserInfo用户登录测试成功
2023-05-25 09:38:05[ INFO ]>>queryUserList用户列表查询测试成功
2023-05-25 09:38:50[ INFO ]>>delete用户删除测试成功
2023-05-25 09:49:59[ INFO ]>>insert用户插入测试成功
2023-05-25 09:50:49[ INFO ]>>qselectUserInfo用户登录测试成功
2023-05-25 09:50:49[ INFO ]>>queryUserList用户列表查询测试成功
2023-05-25 09:51:04[ INFO ]>>delete用户删除测试成功
2023-05-26 21:00:05[ INFO ]>>delete用户删除测试成功
2023-05-29 10:21:00[ INFO ]>>project创建测试成功
2023-05-29 10:21:00[ INFO ]>>project编辑测试成功
2023-05-29 10:21:00[ INFO ]>>project删除测试成功
2023-05-29 10:21:00[ INFO ]>>queryProjectList用户列表查询测试成功
2023-05-29 10:24:00[ INFO ]>>project创建测试成功
2023-05-29 10:24:00[ INFO ]>>project编辑测试成功
2023-05-29 10:24:00[ INFO ]>>project删除测试成功
2023-05-29 10:24:00[ INFO ]>>queryProjectList用户列表查询测试成功
2023-05-29 10:25:35[ INFO ]>>project创建测试成功
2023-05-29 10:25:35[ INFO ]>>project编辑测试成功
2023-05-29 10:25:35[ INFO ]>>project删除测试成功
2023-05-29 10:25:35[ INFO ]>>queryProjectList用户列表查询测试成功
2023-05-29 11:19:33[ INFO ]>>project创建测试成功
2023-05-29 11:19:34[ INFO ]>>project编辑测试成功
2023-05-29 11:20:24[ INFO ]>>project创建测试成功
2023-05-29 11:20:24[ INFO ]>>project编辑测试成功
2023-05-29 11:21:15[ INFO ]>>queryProjectList用户列表查询测试成功
2023-05-29 11:23:18[ INFO ]>>project创建测试成功
2023-05-29 11:23:18[ INFO ]>>project编辑测试成功
2023-05-29 11:23:18[ INFO ]>>project删除测试成功
2023-05-29 11:23:19[ INFO ]>>queryProjectList用户列表查询测试成功
2023-05-29 11:24:13[ INFO ]>>project创建测试成功
2023-05-29 11:24:13[ INFO ]>>project编辑测试成功
2023-05-29 11:24:13[ INFO ]>>project删除测试成功
2023-05-29 11:24:13[ INFO ]>>queryProjectList用户列表查询测试成功
2023-06-06 14:45:23[ INFO ]>>item根据id添加问卷问题选项测试成功
2023-06-06 14:45:23[ INFO ]>>question根据id添加问卷问题测试成功
2023-06-06 14:45:23[ INFO ]>>questionnaire根据项目id查找问卷信息测试成功
2023-06-06 14:45:23[ INFO ]>>questionnaire设置问卷问题数测试成功
2023-06-06 14:45:23[ INFO ]>>questionnaire根据id查找问卷信息测试成功
2023-06-06 14:45:23[ INFO ]>>item根据问题id查询问卷问题选项测试成功
2023-06-06 14:45:23[ INFO ]>>questionnaire设置问卷状态测试成功
2023-06-06 14:46:13[ INFO ]>>item根据id添加问卷问题选项测试成功
2023-06-06 14:46:13[ INFO ]>>question根据id添加问卷问题测试成功
2023-06-06 14:46:13[ INFO ]>>questionnaire根据项目id查找问卷信息测试成功
2023-06-06 14:46:13[ INFO ]>>questionnaire设置问卷问题数测试成功
2023-06-06 14:46:13[ INFO ]>>questionnaire根据id查找问卷信息测试成功
2023-06-06 14:46:13[ INFO ]>>item根据问题id查询问卷问题选项测试成功
2023-06-06 14:46:13[ INFO ]>>questionnaire设置问卷状态测试成功
2023-06-06 14:47:04[ INFO ]>>questionnaire根据id修改问卷名称与描述测试成功
2023-06-06 14:47:13[ INFO ]>>item根据id添加问卷问题选项测试成功
2023-06-06 14:47:13[ INFO ]>>question根据id添加问卷问题测试成功
2023-06-06 14:47:13[ INFO ]>>questionnaire根据项目id查找问卷信息测试成功
2023-06-06 14:47:13[ INFO ]>>questionnaire设置问卷问题数测试成功
2023-06-06 14:47:13[ INFO ]>>questionnaire根据id查找问卷信息测试成功
2023-06-06 14:47:13[ INFO ]>>item根据问题id查询问卷问题选项测试成功
2023-06-06 14:47:13[ INFO ]>>questionnaire设置问卷状态测试成功
2023-06-06 14:48:00[ INFO ]>>item根据id添加问卷问题选项测试成功
2023-06-06 14:48:00[ INFO ]>>question根据id添加问卷问题测试成功
2023-06-06 14:48:00[ INFO ]>>questionnaire根据项目id查找问卷信息测试成功
2023-06-06 14:48:00[ INFO ]>>questionnaire设置问卷问题数测试成功
2023-06-06 14:48:00[ INFO ]>>questionnaire根据id查找问卷信息测试成功
2023-06-06 14:48:00[ INFO ]>>item根据问题id查询问卷问题选项测试成功
2023-06-06 14:48:00[ INFO ]>>questionnaire设置问卷状态测试成功
2023-06-06 14:50:48[ INFO ]>>item根据id添加问卷问题选项测试成功
2023-06-06 14:50:48[ INFO ]>>question根据id添加问卷问题测试成功
2023-06-06 14:50:48[ INFO ]>>questionnaire根据项目id查找问卷信息测试成功
2023-06-06 14:50:48[ INFO ]>>questionnaire设置问卷问题数测试成功
2023-06-06 14:50:48[ INFO ]>>questionnaire根据id查找问卷信息测试成功
2023-06-06 14:50:48[ INFO ]>>item根据问题id查询问卷问题选项测试成功
2023-06-06 14:50:48[ INFO ]>>questionnaire设置问卷状态测试成功
2023-06-06 14:51:39[ INFO ]>>questionnaire根据id修改问卷名称与描述测试成功
2023-06-06 14:53:36[ INFO ]>>item根据id添加问卷问题选项测试成功
2023-06-06 14:53:36[ INFO ]>>question根据id添加问卷问题测试成功
2023-06-06 14:53:37[ INFO ]>>questionnaire根据项目id查找问卷信息测试成功
2023-06-06 14:53:37[ INFO ]>>questionnaire设置问卷问题数测试成功
2023-06-06 14:53:37[ INFO ]>>questionnaire根据id查找问卷信息测试成功
2023-06-06 14:53:37[ INFO ]>>item根据问题id查询问卷问题选项测试成功
2023-06-06 14:53:37[ INFO ]>>questionnaire设置问卷状态测试成功
2023-06-06 14:54:52[ INFO ]>>item根据id添加问卷问题选项测试成功
2023-06-06 14:54:52[ INFO ]>>question根据id添加问卷问题测试成功
2023-06-06 14:54:52[ INFO ]>>questionnaire根据项目id查找问卷信息测试成功
2023-06-06 14:54:52[ INFO ]>>questionnaire设置问卷问题数测试成功
2023-06-06 14:54:52[ INFO ]>>questionnaire根据id查找问卷信息测试成功
2023-06-06 14:54:52[ INFO ]>>item根据问题id查询问卷问题选项测试成功
2023-06-06 14:54:52[ INFO ]>>questionnaire设置问卷状态测试成功
2023-06-06 14:55:09[ INFO ]>>item根据id添加问卷问题选项测试成功
2023-06-06 14:55:09[ INFO ]>>question根据id添加问卷问题测试成功
2023-06-06 14:55:09[ INFO ]>>questionnaire根据项目id查找问卷信息测试成功
2023-06-06 14:55:10[ INFO ]>>questionnaire设置问卷问题数测试成功
2023-06-06 14:55:10[ INFO ]>>questionnaire根据id查找问卷信息测试成功
2023-06-06 14:55:10[ INFO ]>>item根据问题id查询问卷问题选项测试成功
2023-06-06 14:55:10[ INFO ]>>questionnaire设置问卷状态测试成功
2023-06-06 14:55:10[ INFO ]>>questionnaire根据id修改问卷名称与描述测试成功
2023-06-06 14:55:25[ INFO ]>>item根据id添加问卷问题选项测试成功
2023-06-06 14:55:25[ INFO ]>>question根据id添加问卷问题测试成功
2023-06-06 14:55:25[ INFO ]>>questionnaire根据项目id查找问卷信息测试成功
2023-06-06 14:55:25[ INFO ]>>questionnaire设置问卷问题数测试成功
2023-06-06 14:55:25[ INFO ]>>questionnaire根据id查找问卷信息测试成功
2023-06-06 14:55:25[ INFO ]>>item根据问题id查询问卷问题选项测试成功
2023-06-06 14:55:25[ INFO ]>>questionnaire设置问卷状态测试成功
2023-06-06 14:55:25[ INFO ]>>questionnaire根据id修改问卷名称与描述测试成功
2023-06-06 14:55:25[ INFO ]>>question根据问卷id查找问卷问题测试成功
2023-06-06 14:57:14[ INFO ]>>item根据id添加问卷问题选项测试成功
2023-06-06 14:57:14[ INFO ]>>question根据id添加问卷问题测试成功
2023-06-06 14:57:14[ INFO ]>>questionnaire根据项目id查找问卷信息测试成功
2023-06-06 14:57:14[ INFO ]>>questionnaire设置问卷问题数测试成功
2023-06-06 14:57:14[ INFO ]>>questionnaire根据id查找问卷信息测试成功
2023-06-06 14:57:14[ INFO ]>>item根据问题id查询问卷问题选项测试成功
2023-06-06 14:57:15[ INFO ]>>questionnaire设置问卷状态测试成功
2023-06-06 14:57:33[ INFO ]>>questionnaire创建问卷基本信息测试成功
2023-06-06 14:58:57[ INFO ]>>item根据id添加问卷问题选项测试成功
2023-06-06 14:58:57[ INFO ]>>question根据id添加问卷问题测试成功
2023-06-06 14:58:57[ INFO ]>>questionnaire根据项目id查找问卷信息测试成功
2023-06-06 14:58:57[ INFO ]>>questionnaire设置问卷问题数测试成功
2023-06-06 14:58:57[ INFO ]>>questionnaire根据id查找问卷信息测试成功
2023-06-06 14:58:58[ INFO ]>>item根据问题id查询问卷问题选项测试成功
2023-06-06 14:58:58[ INFO ]>>questionnaire设置问卷状态测试成功
2023-06-06 14:59:48[ INFO ]>>question根据问卷id查找问卷问题测试成功
2023-06-06 14:59:48[ INFO ]>>questionnaire创建问卷基本信息测试成功
2023-06-06 14:59:55[ INFO ]>>item根据id添加问卷问题选项测试成功
2023-06-06 14:59:55[ INFO ]>>question根据id添加问卷问题测试成功
2023-06-06 14:59:55[ INFO ]>>questionnaire根据项目id查找问卷信息测试成功
2023-06-06 14:59:55[ INFO ]>>questionnaire设置问卷问题数测试成功
2023-06-06 14:59:55[ INFO ]>>questionnaire根据id查找问卷信息测试成功
2023-06-06 14:59:55[ INFO ]>>item根据问题id查询问卷问题选项测试成功
2023-06-06 14:59:55[ INFO ]>>questionnaire设置问卷状态测试成功
2023-06-06 15:00:39[ INFO ]>>item根据id添加问卷问题选项测试成功
2023-06-06 15:00:39[ INFO ]>>question根据id添加问卷问题测试成功
2023-06-06 15:00:39[ INFO ]>>questionnaire根据项目id查找问卷信息测试成功
2023-06-06 15:00:39[ INFO ]>>questionnaire设置问卷问题数测试成功
2023-06-06 15:00:39[ INFO ]>>questionnaire根据id查找问卷信息测试成功
2023-06-06 15:00:39[ INFO ]>>item根据问题id查询问卷问题选项测试成功
2023-06-06 15:00:46[ INFO ]>>question根据问卷id查找问卷问题测试成功
2023-06-06 15:01:16[ INFO ]>>questionnaire设置问卷状态测试成功
2023-06-06 15:01:16[ INFO ]>>question根据问卷id查找问卷问题测试成功
2023-06-07 09:32:06[ INFO ]>>item根据id添加问卷问题选项测试成功
2023-06-07 09:32:06[ INFO ]>>question根据id添加问卷问题测试成功
2023-06-07 09:32:06[ INFO ]>>questionnaire根据项目id查找问卷信息测试成功
2023-06-07 09:32:06[ INFO ]>>questionnaire设置问卷问题数测试成功
2023-06-07 09:32:06[ INFO ]>>questionnaire根据id查找问卷信息测试成功
2023-06-07 09:32:06[ INFO ]>>item根据问题id查询问卷问题选项测试成功
2023-06-07 09:32:06[ INFO ]>>questionnaire设置问卷状态测试成功
2023-06-07 09:32:06[ INFO ]>>question根据问卷id查找问卷问题测试成功
2023-06-08 10:02:41[ INFO ]>>item根据id添加问卷问题选项测试成功
2023-06-08 10:02:41[ INFO ]>>question根据id添加问卷问题测试成功
2023-06-08 10:02:42[ INFO ]>>questionnaire根据项目id查找问卷信息测试成功
2023-06-08 10:02:42[ INFO ]>>questionnaire设置问卷问题数测试成功
2023-06-08 10:02:42[ INFO ]>>questionnaire根据id查找问卷信息测试成功
2023-06-08 10:02:42[ INFO ]>>item根据问题id查询问卷问题选项测试成功
2023-06-08 10:02:42[ INFO ]>>questionnaire设置问卷状态测试成功
2023-06-08 10:02:42[ INFO ]>>question根据问卷id查找问卷问题测试成功
2023-06-08 10:08:41[ INFO ]>>item根据id添加问卷问题选项测试成功
2023-06-08 10:08:41[ INFO ]>>question根据id添加问卷问题测试成功
2023-06-08 10:08:41[ INFO ]>>questionnaire根据项目id查找问卷信息测试成功
2023-06-08 10:08:41[ INFO ]>>questionnaire设置问卷问题数测试成功
2023-06-08 10:08:41[ INFO ]>>questionnaire根据id查找问卷信息测试成功
2023-06-08 10:08:41[ INFO ]>>item根据问题id查询问卷问题选项测试成功
2023-06-08 10:08:41[ INFO ]>>questionnaire设置问卷状态测试成功
2023-06-08 10:08:41[ INFO ]>>question根据问卷id查找问卷问题测试成功
2023-06-08 10:26:19[ INFO ]>>item根据id添加问卷问题选项测试成功
2023-06-08 10:26:19[ INFO ]>>question根据id添加问卷问题测试成功
2023-06-08 10:26:19[ INFO ]>>questionnaire根据项目id查找问卷信息测试成功
2023-06-08 10:26:19[ INFO ]>>questionnaire设置问卷问题数测试成功
2023-06-08 10:26:19[ INFO ]>>questionnaire根据id查找问卷信息测试成功
2023-06-08 10:26:19[ INFO ]>>item根据问题id查询问卷问题选项测试成功
2023-06-08 10:26:20[ INFO ]>>questionnaire设置问卷状态测试成功
2023-06-08 10:26:20[ INFO ]>>question根据问卷id查找问卷问题测试成功
2023-06-13 21:35:14[ INFO ]>>item根据id添加问卷问题选项测试成功
2023-06-13 21:35:14[ INFO ]>>question根据id添加问卷问题测试成功
2023-06-13 21:35:14[ INFO ]>>questionnaire根据项目id查找问卷信息测试成功
2023-06-13 21:35:14[ INFO ]>>questionnaire设置问卷问题数测试成功
2023-06-13 21:35:14[ INFO ]>>questionnaire根据id查找问卷信息测试成功
2023-06-13 21:35:15[ INFO ]>>item根据问题id查询问卷问题选项测试成功
2023-06-13 21:35:15[ INFO ]>>questionnaire设置问卷状态测试成功
2023-06-13 21:35:15[ INFO ]>>question根据问卷id查找问卷问题测试成功
